<?xml version="1.0" encoding="UTF-8"?>
<testsuite name="Scenario: Reseting after one increment" tests="5" skipped="0" failures="0" errors="0" timestamp="2017-11-15T15:17:33" hostname="fuxi16" time="0.003">
  <properties/>
  <testcase name="Given Counter is initialized" classname="Scenario: Reseting after one increment" time="0.001"/>
  <testcase name="When it is incremented" classname="Scenario: Reseting after one increment" time="0.0"/>
  <testcase name="And it is reseted" classname="Scenario: Reseting after one increment" time="0.0"/>
  <testcase name="Then the value should be 0" classname="Scenario: Reseting after one increment" time="0.0"/>
  <testcase name="classMethod" classname="Scenario: Reseting after one increment" time="0.004"/>
  <system-out><![CDATA[
  Scenario: Increment many times ?[90m# ohtu/increasingCounter.feature:13?[0m
    ?[32mGiven ?[0m?[32mCounter is initialized?[0m ?[90m# Stepdefs.counter_is_initialized()?[0m
    ?[32mWhen ?[0m?[32mit is incremented?[0m       ?[90m# Stepdefs.it_is_incremented()?[0m
    ?[32mAnd ?[0m?[32mit is incremented?[0m        ?[90m# Stepdefs.it_is_incremented()?[0m
    ?[32mAnd ?[0m?[32mit is incremented?[0m        ?[90m# Stepdefs.it_is_incremented()?[0m
    ?[32mThen ?[0m?[32mthe value should be ?[0m?[32m?[1m3?[0m   ?[90m# Stepdefs.the_value_should_be(int)?[0m
]]></system-out>
  <system-err><![CDATA[]]></system-err>
</testsuite>
